<?xml version="1.0" encoding="UTF-8"?>
<testng-results ignored="0" total="1" passed="1" failed="0" skipped="0">
  <reporter-output>
  </reporter-output>
  <suite started-at="2023-12-11T15:25:12 ECT" name="Surefire suite" finished-at="2023-12-11T15:25:12 ECT" duration-ms="68">
    <groups>
    </groups>
    <test started-at="2023-12-11T15:25:12 ECT" name="Surefire test" finished-at="2023-12-11T15:25:12 ECT" duration-ms="68">
      <class name="pomProjectTAEAcademy.Test.AppTest">
        <test-method signature="shouldAnswerWithTrue()" started-at="2023-12-11T15:25:12 ECT" name="shouldAnswerWithTrue" finished-at="2023-12-11T15:25:12 ECT" duration-ms="14" status="PASS">
          <reporter-output>
          </reporter-output>
        </test-method> <!-- shouldAnswerWithTrue -->
      </class> <!-- pomProjectTAEAcademy.Test.AppTest -->
    </test> <!-- Surefire test -->
  </suite> <!-- Surefire suite -->
</testng-results>
