<?xml version="1.0" encoding="UTF-8"?>
<!-- Generated by org.testng.reporters.JUnitXMLReporter -->
<testsuite ignored="0" hostname="DESKTOP-Q94TUNC" failures="0" tests="3" name="Surefire test" time="21.123" errors="0" timestamp="2024-01-03T14:22:37 ECT">
  <testcase classname="pomProjectTAEAcademy.Test.LogoutTest" name="logoutTest" time="0.849"/>
  <testcase classname="pomProjectTAEAcademy.Test.PurchaseProductTest" name="testPurchase" time="0.766"/>
  <testcase classname="pomProjectTAEAcademy.Test.RemovingElementTest" name="removingElementsTest" time="0.496"/>
</testsuite> <!-- Surefire test -->
