<?xml version="1.0" encoding="UTF-8"?>
<testng-results ignored="0" total="3" passed="3" failed="0" skipped="0">
  <reporter-output>
  </reporter-output>
  <suite started-at="2024-01-03T14:22:15 ECT" name="Surefire suite" finished-at="2024-01-03T14:22:37 ECT" duration-ms="21123">
    <groups>
    </groups>
    <test started-at="2024-01-03T14:22:15 ECT" name="Surefire test" finished-at="2024-01-03T14:22:37 ECT" duration-ms="21123">
      <class name="pomProjectTAEAcademy.Test.RemovingElementTest">
        <test-method is-config="true" signature="setUpBeforeClass()[pri:0, instance:pomProjectTAEAcademy.Test.RemovingElementTest@484970b0]" started-at="2024-01-03T14:22:30 ECT" name="setUpBeforeClass" finished-at="2024-01-03T14:22:35 ECT" duration-ms="5498" status="PASS">
          <reporter-output>
          </reporter-output>
        </test-method> <!-- setUpBeforeClass -->
        <test-method signature="removingElementsTest()[pri:0, instance:pomProjectTAEAcademy.Test.RemovingElementTest@484970b0]" started-at="2024-01-03T14:22:35 ECT" name="removingElementsTest" finished-at="2024-01-03T14:22:36 ECT" duration-ms="496" status="PASS">
          <reporter-output>
          </reporter-output>
        </test-method> <!-- removingElementsTest -->
        <test-method is-config="true" signature="tearDown()[pri:0, instance:pomProjectTAEAcademy.Test.RemovingElementTest@484970b0]" started-at="2024-01-03T14:22:36 ECT" name="tearDown" finished-at="2024-01-03T14:22:37 ECT" duration-ms="600" status="PASS">
          <reporter-output>
          </reporter-output>
        </test-method> <!-- tearDown -->
      </class> <!-- pomProjectTAEAcademy.Test.RemovingElementTest -->
      <class name="pomProjectTAEAcademy.Test.LogoutTest">
        <test-method is-config="true" signature="setUpBeforeClass()[pri:0, instance:pomProjectTAEAcademy.Test.LogoutTest@3571b748]" started-at="2024-01-03T14:22:15 ECT" name="setUpBeforeClass" finished-at="2024-01-03T14:22:21 ECT" duration-ms="6088" status="PASS">
          <reporter-output>
          </reporter-output>
        </test-method> <!-- setUpBeforeClass -->
        <test-method signature="logoutTest()[pri:0, instance:pomProjectTAEAcademy.Test.LogoutTest@3571b748]" started-at="2024-01-03T14:22:21 ECT" name="logoutTest" finished-at="2024-01-03T14:22:22 ECT" duration-ms="849" status="PASS">
          <reporter-output>
          </reporter-output>
        </test-method> <!-- logoutTest -->
        <test-method is-config="true" signature="tearDown()[pri:0, instance:pomProjectTAEAcademy.Test.LogoutTest@3571b748]" started-at="2024-01-03T14:22:22 ECT" name="tearDown" finished-at="2024-01-03T14:22:23 ECT" duration-ms="634" status="PASS">
          <reporter-output>
          </reporter-output>
        </test-method> <!-- tearDown -->
      </class> <!-- pomProjectTAEAcademy.Test.LogoutTest -->
      <class name="pomProjectTAEAcademy.Test.PurchaseProductTest">
        <test-method is-config="true" signature="setUpBeforeClass()[pri:0, instance:pomProjectTAEAcademy.Test.PurchaseProductTest@3e96bacf]" started-at="2024-01-03T14:22:23 ECT" name="setUpBeforeClass" finished-at="2024-01-03T14:22:29 ECT" duration-ms="5528" status="PASS">
          <reporter-output>
          </reporter-output>
        </test-method> <!-- setUpBeforeClass -->
        <test-method signature="testPurchase()[pri:0, instance:pomProjectTAEAcademy.Test.PurchaseProductTest@3e96bacf]" started-at="2024-01-03T14:22:29 ECT" name="testPurchase" finished-at="2024-01-03T14:22:29 ECT" duration-ms="766" status="PASS">
          <reporter-output>
          </reporter-output>
        </test-method> <!-- testPurchase -->
        <test-method is-config="true" signature="tearDown()[pri:0, instance:pomProjectTAEAcademy.Test.PurchaseProductTest@3e96bacf]" started-at="2024-01-03T14:22:29 ECT" name="tearDown" finished-at="2024-01-03T14:22:30 ECT" duration-ms="596" status="PASS">
          <reporter-output>
          </reporter-output>
        </test-method> <!-- tearDown -->
      </class> <!-- pomProjectTAEAcademy.Test.PurchaseProductTest -->
    </test> <!-- Surefire test -->
  </suite> <!-- Surefire suite -->
</testng-results>
